<?xml version="1.0" encoding="UTF-8"?>
<!-- Generated by org.testng.reporters.JUnitReportReporter -->
<testsuite skipped="0" hostname="DESKTOP-FQ6DBV1" name="com.autotest.java.demo.testng.TestNGDemoWithFactoryTest" tests="8" failures="0" timestamp="2020-04-24T18:52:37 CST" time="0.022" errors="0">
  <testcase name="testLength" time="0.002" classname="com.autotest.java.demo.testng.TestNGDemoWithFactoryTest"/>
  <system-out/>
  <testcase name="testWidth" time="0.001" classname="com.autotest.java.demo.testng.TestNGDemoWithFactoryTest"/>
  <system-out/>
  <testcase name="testWidth" time="0.001" classname="com.autotest.java.demo.testng.TestNGDemoWithFactoryTest"/>
  <system-out/>
  <testcase name="testLength" time="0.001" classname="com.autotest.java.demo.testng.TestNGDemoWithFactoryTest"/>
  <system-out/>
  <testcase name="testLength" time="0.014" classname="com.autotest.java.demo.testng.TestNGDemoWithFactoryTest"/>
  <system-out/>
  <testcase name="testLength" time="0.000" classname="com.autotest.java.demo.testng.TestNGDemoWithFactoryTest"/>
  <system-out/>
  <testcase name="testWidth" time="0.002" classname="com.autotest.java.demo.testng.TestNGDemoWithFactoryTest"/>
  <system-out/>
  <testcase name="testWidth" time="0.001" classname="com.autotest.java.demo.testng.TestNGDemoWithFactoryTest"/>
  <system-out/>
</testsuite> <!-- com.autotest.java.demo.testng.TestNGDemoWithFactoryTest -->
