<?xml version="1.0" encoding="UTF-8"?>
<!-- Generated by org.testng.reporters.JUnitReportReporter -->
<testsuite skipped="0" hostname="DESKTOP-FQ6DBV1" name="com.autotest.java.demo.testng.TestNGDemo" tests="1" failures="0" timestamp="2020-04-24T14:44:26 CST" time="0.018" errors="0">
  <testcase name="testOne" time="0.018" classname="com.autotest.java.demo.testng.TestNGDemo"/>
  <system-out/>
</testsuite> <!-- com.autotest.java.demo.testng.TestNGDemo -->
